Using pre-set license
Built from '2020.3/release' branch; Version is '2020.3.1f1 (77a89f25062f) revision 7841951'; Using compiler version '192528614'; Build Type 'Release'
OS: 'Windows 10 Pro; OS build 18363.1440; Version 1909; 64bit' Language: 'ru' Physical Memory: 8075 MB
BatchMode: 1, IsHumanControllingUs: 0, StartBugReporterOnCrash: 0, Is64bit: 1, IsPro: 0

 COMMAND LINE ARGUMENTS:
C:\Program Files\Unity\Hub\Editor\2020.3.1f1\Editor\Unity.exe
-adb2
-batchMode
-noUpm
-name
AssetImportWorker0
-projectPath
C:/Users/232ca/3D RPG lab3
-logFile
Logs/AssetImportWorker0.log
-srvPort
50461
Successfully changed project path to: C:/Users/232ca/3D RPG lab3
C:/Users/232ca/3D RPG lab3
Using Asset Import Pipeline V2.
Refreshing native plugins compatible for Editor in 34.06 ms, found 0 plugins.
Preloading 0 native plugins for Editor in 0.00 ms.
Initialize engine version: 2020.3.1f1 (77a89f25062f)
[Subsystems] Discovering subsystems at path C:/Program Files/Unity/Hub/Editor/2020.3.1f1/Editor/Data/Resources/UnitySubsystems
[Subsystems] Discovering subsystems at path C:/Users/232ca/3D RPG lab3/Assets
GfxDevice: creating device client; threaded=0
Direct3D:
    Version:  Direct3D 11.0 [level 11.1]
    Renderer: NVIDIA GeForce GTX 1050 (ID=0x1c8d)
    Vendor:   
    VRAM:     1977 MB
    Driver:   26.21.14.4223
Initialize mono
Mono path[0] = 'C:/Program Files/Unity/Hub/Editor/2020.3.1f1/Editor/Data/Managed'
Mono path[1] = 'C:/Program Files/Unity/Hub/Editor/2020.3.1f1/Editor/Data/MonoBleedingEdge/lib/mono/unityjit'
Mono config path = 'C:/Program Files/Unity/Hub/Editor/2020.3.1f1/Editor/Data/MonoBleedingEdge/etc'
Using monoOptions --debugger-agent=transport=dt_socket,embedding=1,server=y,suspend=n,address=127.0.0.1:56464
Begin MonoManager ReloadAssembly
Registering precompiled unity dll's ...
Register platform support module: C:/Program Files/Unity/Hub/Editor/2020.3.1f1/Editor/Data/PlaybackEngines/WebGLSupport/UnityEditor.WebGL.Extensions.dll
Register platform support module: C:/Program Files/Unity/Hub/Editor/2020.3.1f1/Editor/Data/PlaybackEngines/WindowsStandaloneSupport/UnityEditor.WindowsStandalone.Extensions.dll
Registered in 0.002727 seconds.
Native extension for WindowsStandalone target not found
Native extension for WebGL target not found
Refreshing native plugins compatible for Editor in 28.04 ms, found 0 plugins.
Preloading 0 native plugins for Editor in 0.00 ms.
Invoked RoslynAnalysisRunner static constructor.
RoslynAnalysisRunner will not be running.
RoslynAnalysisRunner has terminated.
Mono: successfully reloaded assembly
- Completed reload, in  1.278 seconds
Platform modules already initialized, skipping
Registering precompiled user dll's ...
Registered in 0.000947 seconds.
Begin MonoManager ReloadAssembly
Native extension for WindowsStandalone target not found
Native extension for WebGL target not found
Refreshing native plugins compatible for Editor in 0.22 ms, found 0 plugins.
Preloading 0 native plugins for Editor in 0.00 ms.
Invoked RoslynAnalysisRunner static constructor.
RoslynAnalysisRunner will not be running.
RoslynAnalysisRunner has terminated.
Mono: successfully reloaded assembly
- Completed reload, in  0.921 seconds
Platform modules already initialized, skipping
========================================================================
Worker process is ready to serve import requests
Launched and connected shader compiler UnityShaderCompiler.exe after 0.06 seconds
Refreshing native plugins compatible for Editor in 0.23 ms, found 0 plugins.
Preloading 0 native plugins for Editor in 0.00 ms.
Unloading 1113 Unused Serialized files (Serialized files now loaded: 0)
System memory in use before: 56.9 MB.
System memory in use after: 57.0 MB.

Unloading 10 unused Assets to reduce memory usage. Loaded Objects now: 1555.
Total: 2.237900 ms (FindLiveObjects: 0.229300 ms CreateObjectMapping: 0.129100 ms MarkObjects: 1.767000 ms  DeleteObjects: 0.110400 ms)

========================================================================
Received Import Request.
  path: Assets
  artifactKey: Guid(00000000000000001000000000000000) Importer(815301076,1909f56bfc062723c751e8b465ee728b)
Start importing Assets using Guid(00000000000000001000000000000000) Importer(815301076,1909f56bfc062723c751e8b465ee728b)  -> (artifact id: 'a6374019befeac6ce670f13ba9960efb') in 0.010702 seconds
  Import took 0.013991 seconds .

========================================================================
Received Import Request.
  Time since last request: 1.803040 seconds.
  path: Assets
  artifactKey: Guid(00000000000000001000000000000000) Importer(815301076,1909f56bfc062723c751e8b465ee728b)
Start importing Assets using Guid(00000000000000001000000000000000) Importer(815301076,1909f56bfc062723c751e8b465ee728b)  -> (artifact id: 'a6374019befeac6ce670f13ba9960efb') in 0.007206 seconds
  Import took 0.011885 seconds .

========================================================================
Received Import Request.
  Time since last request: 7.610401 seconds.
  path: Assets/Materials
  artifactKey: Guid(3179aa69eb92ac946845036c2a81bf62) Importer(815301076,1909f56bfc062723c751e8b465ee728b)
Start importing Assets/Materials using Guid(3179aa69eb92ac946845036c2a81bf62) Importer(815301076,1909f56bfc062723c751e8b465ee728b)  -> (artifact id: 'e0a0a62feeaeeb30edac0248f60220b8') in 0.012988 seconds
  Import took 0.017065 seconds .

========================================================================
Received Import Request.
  Time since last request: 31.352764 seconds.
  path: Assets/Materials/Player.mat
  artifactKey: Guid(cdf0b54e5d050e5499578ae499cbb08e) Importer(815301076,1909f56bfc062723c751e8b465ee728b)
Start importing Assets/Materials/Player.mat using Guid(cdf0b54e5d050e5499578ae499cbb08e) Importer(815301076,1909f56bfc062723c751e8b465ee728b)  -> (artifact id: '869f758cf6d4572b6f213e738f1a3b05') in 0.173994 seconds
  Import took 0.177032 seconds .

========================================================================
Received Import Request.
  Time since last request: 12.864837 seconds.
  path: Assets/Materials/Nps.mat
  artifactKey: Guid(0f5002fb7dd50eb479ab5045214c6dc9) Importer(815301076,1909f56bfc062723c751e8b465ee728b)
Start importing Assets/Materials/Nps.mat using Guid(0f5002fb7dd50eb479ab5045214c6dc9) Importer(815301076,1909f56bfc062723c751e8b465ee728b)  -> (artifact id: 'd38f5ae0c6d55e0324eaed93ddfbe422') in 0.031505 seconds
  Import took 0.035490 seconds .

========================================================================
Received Import Request.
  Time since last request: 6.094611 seconds.
  path: Assets/Materials/Enemy.mat
  artifactKey: Guid(97e8461ad6cfe6942b644db97d3cd40d) Importer(815301076,1909f56bfc062723c751e8b465ee728b)
Start importing Assets/Materials/Enemy.mat using Guid(97e8461ad6cfe6942b644db97d3cd40d) Importer(815301076,1909f56bfc062723c751e8b465ee728b)  -> (artifact id: 'd1094253458ebc9548b19cc241aa3a66') in 0.030220 seconds
  Import took 0.033230 seconds .

========================================================================
Received Import Request.
  Time since last request: 7.018527 seconds.
  path: Assets/Materials/Ground.mat
  artifactKey: Guid(19aa7b16af610bb42988bf79a70a448f) Importer(815301076,1909f56bfc062723c751e8b465ee728b)
Start importing Assets/Materials/Ground.mat using Guid(19aa7b16af610bb42988bf79a70a448f) Importer(815301076,1909f56bfc062723c751e8b465ee728b)  -> (artifact id: '340b6703c76083ce5d550ddedf9aefd4') in 0.033736 seconds
  Import took 0.037551 seconds .

========================================================================
Received Prepare
Registering precompiled user dll's ...
Registered in 0.000739 seconds.
Begin MonoManager ReloadAssembly
Native extension for WindowsStandalone target not found
Native extension for WebGL target not found
Refreshing native plugins compatible for Editor in 0.22 ms, found 0 plugins.
Preloading 0 native plugins for Editor in 0.00 ms.
Invoked RoslynAnalysisRunner static constructor.
RoslynAnalysisRunner will not be running.
RoslynAnalysisRunner has terminated.
Mono: successfully reloaded assembly
- Completed reload, in  1.047 seconds
Platform modules already initialized, skipping
Refreshing native plugins compatible for Editor in 0.26 ms, found 0 plugins.
Preloading 0 native plugins for Editor in 0.00 ms.
Unloading 1109 Unused Serialized files (Serialized files now loaded: 0)
System memory in use before: 60.2 MB.
System memory in use after: 60.3 MB.

Unloading 5 unused Assets to reduce memory usage. Loaded Objects now: 1599.
Total: 1.813400 ms (FindLiveObjects: 0.138300 ms CreateObjectMapping: 0.037700 ms MarkObjects: 1.574800 ms  DeleteObjects: 0.060900 ms)

========================================================================
Received Prepare
Registering precompiled user dll's ...
Registered in 0.002914 seconds.
Begin MonoManager ReloadAssembly
Native extension for WindowsStandalone target not found
Native extension for WebGL target not found
Refreshing native plugins compatible for Editor in 0.21 ms, found 0 plugins.
Preloading 0 native plugins for Editor in 0.00 ms.
Invoked RoslynAnalysisRunner static constructor.
RoslynAnalysisRunner will not be running.
RoslynAnalysisRunner has terminated.
Mono: successfully reloaded assembly
- Completed reload, in  0.875 seconds
Platform modules already initialized, skipping
Refreshing native plugins compatible for Editor in 0.21 ms, found 0 plugins.
Preloading 0 native plugins for Editor in 0.00 ms.
Unloading 1110 Unused Serialized files (Serialized files now loaded: 0)
System memory in use before: 60.3 MB.
System memory in use after: 60.4 MB.

Unloading 5 unused Assets to reduce memory usage. Loaded Objects now: 1603.
Total: 2.278300 ms (FindLiveObjects: 0.388200 ms CreateObjectMapping: 0.154300 ms MarkObjects: 1.637800 ms  DeleteObjects: 0.096100 ms)

========================================================================
Received Prepare
Registering precompiled user dll's ...
Registered in 0.003176 seconds.
Begin MonoManager ReloadAssembly
Native extension for WindowsStandalone target not found
Native extension for WebGL target not found
Refreshing native plugins compatible for Editor in 0.21 ms, found 0 plugins.
Preloading 0 native plugins for Editor in 0.00 ms.
Invoked RoslynAnalysisRunner static constructor.
RoslynAnalysisRunner will not be running.
RoslynAnalysisRunner has terminated.
Mono: successfully reloaded assembly
- Completed reload, in  0.908 seconds
Platform modules already initialized, skipping
Refreshing native plugins compatible for Editor in 0.21 ms, found 0 plugins.
Preloading 0 native plugins for Editor in 0.00 ms.
Unloading 1110 Unused Serialized files (Serialized files now loaded: 0)
System memory in use before: 60.3 MB.
System memory in use after: 60.4 MB.

Unloading 5 unused Assets to reduce memory usage. Loaded Objects now: 1606.
Total: 2.209700 ms (FindLiveObjects: 0.259900 ms CreateObjectMapping: 0.070900 ms MarkObjects: 1.785900 ms  DeleteObjects: 0.091200 ms)

========================================================================
Received Prepare
Registering precompiled user dll's ...
Registered in 0.000773 seconds.
Begin MonoManager ReloadAssembly
Native extension for WindowsStandalone target not found
Native extension for WebGL target not found
Refreshing native plugins compatible for Editor in 0.23 ms, found 0 plugins.
Preloading 0 native plugins for Editor in 0.00 ms.
Invoked RoslynAnalysisRunner static constructor.
RoslynAnalysisRunner will not be running.
RoslynAnalysisRunner has terminated.
Mono: successfully reloaded assembly
- Completed reload, in  0.875 seconds
Platform modules already initialized, skipping
Refreshing native plugins compatible for Editor in 0.23 ms, found 0 plugins.
Preloading 0 native plugins for Editor in 0.00 ms.
Unloading 1110 Unused Serialized files (Serialized files now loaded: 0)
System memory in use before: 60.3 MB.
System memory in use after: 60.4 MB.

Unloading 5 unused Assets to reduce memory usage. Loaded Objects now: 1609.
Total: 2.017600 ms (FindLiveObjects: 0.175700 ms CreateObjectMapping: 0.074200 ms MarkObjects: 1.650000 ms  DeleteObjects: 0.116500 ms)

========================================================================
Received Prepare
Registering precompiled user dll's ...
Registered in 0.000813 seconds.
Begin MonoManager ReloadAssembly
Native extension for WindowsStandalone target not found
Native extension for WebGL target not found
Refreshing native plugins compatible for Editor in 0.22 ms, found 0 plugins.
Preloading 0 native plugins for Editor in 0.00 ms.
Invoked RoslynAnalysisRunner static constructor.
RoslynAnalysisRunner will not be running.
RoslynAnalysisRunner has terminated.
Mono: successfully reloaded assembly
- Completed reload, in  0.899 seconds
Platform modules already initialized, skipping
Refreshing native plugins compatible for Editor in 0.24 ms, found 0 plugins.
Preloading 0 native plugins for Editor in 0.00 ms.
Unloading 1110 Unused Serialized files (Serialized files now loaded: 0)
System memory in use before: 60.3 MB.
System memory in use after: 60.4 MB.

Unloading 5 unused Assets to reduce memory usage. Loaded Objects now: 1612.
Total: 2.101300 ms (FindLiveObjects: 0.176400 ms CreateObjectMapping: 0.054500 ms MarkObjects: 1.768500 ms  DeleteObjects: 0.100900 ms)

========================================================================
Received Import Request.
  Time since last request: 827.947095 seconds.
  path: Assets/Scenes
  artifactKey: Guid(1f26609b34ad5614c8a166ecc5316ce0) Importer(815301076,1909f56bfc062723c751e8b465ee728b)
Start importing Assets/Scenes using Guid(1f26609b34ad5614c8a166ecc5316ce0) Importer(815301076,1909f56bfc062723c751e8b465ee728b)  -> (artifact id: 'b59ca71b0fcdf4d604da9e988d0ad4a7') in 0.016443 seconds
  Import took 0.019379 seconds .

========================================================================
Received Prepare
Registering precompiled user dll's ...
Registered in 0.000850 seconds.
Begin MonoManager ReloadAssembly
Native extension for WindowsStandalone target not found
Native extension for WebGL target not found
Refreshing native plugins compatible for Editor in 0.21 ms, found 0 plugins.
Preloading 0 native plugins for Editor in 0.00 ms.
Invoked RoslynAnalysisRunner static constructor.
RoslynAnalysisRunner will not be running.
RoslynAnalysisRunner has terminated.
Mono: successfully reloaded assembly
- Completed reload, in  0.904 seconds
Platform modules already initialized, skipping
Refreshing native plugins compatible for Editor in 0.21 ms, found 0 plugins.
Preloading 0 native plugins for Editor in 0.00 ms.
Unloading 1110 Unused Serialized files (Serialized files now loaded: 0)
System memory in use before: 60.3 MB.
System memory in use after: 60.4 MB.

Unloading 5 unused Assets to reduce memory usage. Loaded Objects now: 1615.
Total: 2.260200 ms (FindLiveObjects: 0.157900 ms CreateObjectMapping: 0.034900 ms MarkObjects: 1.944800 ms  DeleteObjects: 0.121700 ms)

========================================================================
Received Prepare
Registering precompiled user dll's ...
Registered in 0.000758 seconds.
Begin MonoManager ReloadAssembly
Native extension for WindowsStandalone target not found
Native extension for WebGL target not found
Refreshing native plugins compatible for Editor in 0.22 ms, found 0 plugins.
Preloading 0 native plugins for Editor in 0.00 ms.
Invoked RoslynAnalysisRunner static constructor.
RoslynAnalysisRunner will not be running.
RoslynAnalysisRunner has terminated.
Mono: successfully reloaded assembly
- Completed reload, in  0.920 seconds
Platform modules already initialized, skipping
Refreshing native plugins compatible for Editor in 0.23 ms, found 0 plugins.
Preloading 0 native plugins for Editor in 0.00 ms.
Unloading 1110 Unused Serialized files (Serialized files now loaded: 0)
System memory in use before: 60.3 MB.
System memory in use after: 60.4 MB.

Unloading 5 unused Assets to reduce memory usage. Loaded Objects now: 1618.
Total: 1.948800 ms (FindLiveObjects: 0.217700 ms CreateObjectMapping: 0.040200 ms MarkObjects: 1.587600 ms  DeleteObjects: 0.101900 ms)

========================================================================
Received Prepare
Registering precompiled user dll's ...
Registered in 0.001027 seconds.
Begin MonoManager ReloadAssembly
Native extension for WindowsStandalone target not found
Native extension for WebGL target not found
Refreshing native plugins compatible for Editor in 0.32 ms, found 0 plugins.
Preloading 0 native plugins for Editor in 0.00 ms.
Invoked RoslynAnalysisRunner static constructor.
RoslynAnalysisRunner will not be running.
RoslynAnalysisRunner has terminated.
Mono: successfully reloaded assembly
- Completed reload, in  0.955 seconds
Platform modules already initialized, skipping
Refreshing native plugins compatible for Editor in 0.33 ms, found 0 plugins.
Preloading 0 native plugins for Editor in 0.00 ms.
Unloading 1110 Unused Serialized files (Serialized files now loaded: 0)
System memory in use before: 60.3 MB.
System memory in use after: 60.4 MB.

Unloading 5 unused Assets to reduce memory usage. Loaded Objects now: 1621.
Total: 3.177000 ms (FindLiveObjects: 0.359800 ms CreateObjectMapping: 0.081700 ms MarkObjects: 2.604400 ms  DeleteObjects: 0.129000 ms)

========================================================================
Received Prepare
Registering precompiled user dll's ...
Registered in 0.000868 seconds.
Begin MonoManager ReloadAssembly
Native extension for WindowsStandalone target not found
Native extension for WebGL target not found
Refreshing native plugins compatible for Editor in 0.20 ms, found 0 plugins.
Preloading 0 native plugins for Editor in 0.00 ms.
Invoked RoslynAnalysisRunner static constructor.
RoslynAnalysisRunner will not be running.
RoslynAnalysisRunner has terminated.
Mono: successfully reloaded assembly
- Completed reload, in  0.894 seconds
Platform modules already initialized, skipping
Refreshing native plugins compatible for Editor in 0.22 ms, found 0 plugins.
Preloading 0 native plugins for Editor in 0.00 ms.
Unloading 1110 Unused Serialized files (Serialized files now loaded: 0)
System memory in use before: 60.3 MB.
System memory in use after: 60.4 MB.

Unloading 5 unused Assets to reduce memory usage. Loaded Objects now: 1624.
Total: 2.130800 ms (FindLiveObjects: 0.345200 ms CreateObjectMapping: 0.079200 ms MarkObjects: 1.593400 ms  DeleteObjects: 0.111400 ms)

========================================================================
Received Prepare
Registering precompiled user dll's ...
Registered in 0.000949 seconds.
Begin MonoManager ReloadAssembly
Native extension for WindowsStandalone target not found
Native extension for WebGL target not found
Refreshing native plugins compatible for Editor in 0.30 ms, found 0 plugins.
Preloading 0 native plugins for Editor in 0.00 ms.
Invoked RoslynAnalysisRunner static constructor.
RoslynAnalysisRunner will not be running.
RoslynAnalysisRunner has terminated.
Mono: successfully reloaded assembly
- Completed reload, in  1.188 seconds
Platform modules already initialized, skipping
Refreshing native plugins compatible for Editor in 0.26 ms, found 0 plugins.
Preloading 0 native plugins for Editor in 0.00 ms.
Unloading 1110 Unused Serialized files (Serialized files now loaded: 0)
System memory in use before: 60.4 MB.
System memory in use after: 60.5 MB.

Unloading 5 unused Assets to reduce memory usage. Loaded Objects now: 1627.
Total: 2.289500 ms (FindLiveObjects: 0.144200 ms CreateObjectMapping: 0.040100 ms MarkObjects: 2.019700 ms  DeleteObjects: 0.084100 ms)

========================================================================
Received Import Request.
  Time since last request: 458.958279 seconds.
  path: Assets/Tree.prefab
  artifactKey: Guid(3c70978f696345449b8ac637a1dd99a2) Importer(815301076,1909f56bfc062723c751e8b465ee728b)
Start importing Assets/Tree.prefab using Guid(3c70978f696345449b8ac637a1dd99a2) Importer(815301076,1909f56bfc062723c751e8b465ee728b)  -> (artifact id: '3a3ba0e0816772fc3fa2e053dcc20731') in 0.340105 seconds
  Import took 0.343940 seconds .

========================================================================
Received Import Request.
  Time since last request: 8.552678 seconds.
  path: Assets/Materials/New Material.mat
  artifactKey: Guid(c8c270bbb8d4bef4eb08df410c71f147) Importer(815301076,1909f56bfc062723c751e8b465ee728b)
Start importing Assets/Materials/New Material.mat using Guid(c8c270bbb8d4bef4eb08df410c71f147) Importer(815301076,1909f56bfc062723c751e8b465ee728b)  -> (artifact id: '871f820dc35a342e0b35aaf8f00b093b') in 0.032141 seconds
  Import took 0.034868 seconds .

========================================================================
Received Import Request.
  Time since last request: 99.537625 seconds.
  path: Assets/Scripts
  artifactKey: Guid(246994eaa6f4da3418b1f5b470fb19de) Importer(815301076,1909f56bfc062723c751e8b465ee728b)
Start importing Assets/Scripts using Guid(246994eaa6f4da3418b1f5b470fb19de) Importer(815301076,1909f56bfc062723c751e8b465ee728b)  -> (artifact id: 'bb1ea2d6b772e595c7571a599248fe71') in 0.016468 seconds
  Import took 0.019229 seconds .

========================================================================
Received Import Request.
  Time since last request: 11.367227 seconds.
  path: Assets/Scripts/EnemyController.cs
  artifactKey: Guid(eea844c208deb2d4aad50bb4d11e4398) Importer(815301076,1909f56bfc062723c751e8b465ee728b)
Start importing Assets/Scripts/EnemyController.cs using Guid(eea844c208deb2d4aad50bb4d11e4398) Importer(815301076,1909f56bfc062723c751e8b465ee728b)  -> (artifact id: '7efd5994ecf32545c5b3675176369b1a') in 0.102716 seconds
  Import took 0.105563 seconds .

========================================================================
Received Prepare
Registering precompiled user dll's ...
Registered in 0.000926 seconds.
Begin MonoManager ReloadAssembly
Native extension for WindowsStandalone target not found
Native extension for WebGL target not found
Refreshing native plugins compatible for Editor in 0.25 ms, found 0 plugins.
Preloading 0 native plugins for Editor in 0.00 ms.
Invoked RoslynAnalysisRunner static constructor.
RoslynAnalysisRunner will not be running.
RoslynAnalysisRunner has terminated.
Mono: successfully reloaded assembly
- Completed reload, in  0.858 seconds
Platform modules already initialized, skipping
Refreshing native plugins compatible for Editor in 0.24 ms, found 0 plugins.
Preloading 0 native plugins for Editor in 0.00 ms.
Unloading 1111 Unused Serialized files (Serialized files now loaded: 0)
System memory in use before: 61.0 MB.
System memory in use after: 61.1 MB.

Unloading 5 unused Assets to reduce memory usage. Loaded Objects now: 1639.
Total: 1.991000 ms (FindLiveObjects: 0.136300 ms CreateObjectMapping: 0.047100 ms MarkObjects: 1.711000 ms  DeleteObjects: 0.095400 ms)

========================================================================
Received Import Request.
  Time since last request: 11.757574 seconds.
  path: Assets/Scripts/NpcController.cs
  artifactKey: Guid(b54a25c6d9d384d4a915fd38f81d17c3) Importer(815301076,1909f56bfc062723c751e8b465ee728b)
Start importing Assets/Scripts/NpcController.cs using Guid(b54a25c6d9d384d4a915fd38f81d17c3) Importer(815301076,1909f56bfc062723c751e8b465ee728b)  -> (artifact id: '43a428a6f7776b1a7c245d54310b5dda') in 0.015270 seconds
  Import took 0.017779 seconds .

========================================================================
Received Prepare
Registering precompiled user dll's ...
Registered in 0.000825 seconds.
Begin MonoManager ReloadAssembly
Native extension for WindowsStandalone target not found
Native extension for WebGL target not found
Refreshing native plugins compatible for Editor in 0.21 ms, found 0 plugins.
Preloading 0 native plugins for Editor in 0.00 ms.
Invoked RoslynAnalysisRunner static constructor.
RoslynAnalysisRunner will not be running.
RoslynAnalysisRunner has terminated.
Mono: successfully reloaded assembly
- Completed reload, in  0.879 seconds
Platform modules already initialized, skipping
Refreshing native plugins compatible for Editor in 0.22 ms, found 0 plugins.
Preloading 0 native plugins for Editor in 0.00 ms.
Unloading 1112 Unused Serialized files (Serialized files now loaded: 0)
System memory in use before: 61.1 MB.
System memory in use after: 61.2 MB.

Unloading 5 unused Assets to reduce memory usage. Loaded Objects now: 1643.
Total: 1.761500 ms (FindLiveObjects: 0.203300 ms CreateObjectMapping: 0.063400 ms MarkObjects: 1.391800 ms  DeleteObjects: 0.101900 ms)

========================================================================
Received Import Request.
  Time since last request: 13.445380 seconds.
  path: Assets/Scripts/ItemController.cs
  artifactKey: Guid(47d2f7c9dde3aa74889886366f9d6f9d) Importer(815301076,1909f56bfc062723c751e8b465ee728b)
Start importing Assets/Scripts/ItemController.cs using Guid(47d2f7c9dde3aa74889886366f9d6f9d) Importer(815301076,1909f56bfc062723c751e8b465ee728b)  -> (artifact id: '733ba251c5091c2b646b80f9b3969c21') in 0.013272 seconds
  Import took 0.016429 seconds .

========================================================================
Received Prepare
Registering precompiled user dll's ...
Registered in 0.000761 seconds.
Begin MonoManager ReloadAssembly
Native extension for WindowsStandalone target not found
Native extension for WebGL target not found
Refreshing native plugins compatible for Editor in 0.21 ms, found 0 plugins.
Preloading 0 native plugins for Editor in 0.00 ms.
Invoked RoslynAnalysisRunner static constructor.
RoslynAnalysisRunner will not be running.
RoslynAnalysisRunner has terminated.
Mono: successfully reloaded assembly
- Completed reload, in  0.892 seconds
Platform modules already initialized, skipping
Refreshing native plugins compatible for Editor in 0.22 ms, found 0 plugins.
Preloading 0 native plugins for Editor in 0.00 ms.
Unloading 1113 Unused Serialized files (Serialized files now loaded: 0)
System memory in use before: 61.1 MB.
System memory in use after: 61.2 MB.

Unloading 5 unused Assets to reduce memory usage. Loaded Objects now: 1647.
Total: 1.912300 ms (FindLiveObjects: 0.225800 ms CreateObjectMapping: 0.039100 ms MarkObjects: 1.596600 ms  DeleteObjects: 0.049700 ms)

========================================================================
Received Import Request.
  Time since last request: 23.438987 seconds.
  path: Assets/Scripts/NewBehaviourScript.cs
  artifactKey: Guid(99227665942aef0498bb385bdae09b58) Importer(815301076,1909f56bfc062723c751e8b465ee728b)
Start importing Assets/Scripts/NewBehaviourScript.cs using Guid(99227665942aef0498bb385bdae09b58) Importer(815301076,1909f56bfc062723c751e8b465ee728b)  -> (artifact id: '18aafc8efd387a2f657345c799a8fd3e') in 0.019823 seconds
  Import took 0.022939 seconds .

========================================================================
Received Prepare
Registering precompiled user dll's ...
Registered in 0.000885 seconds.
Begin MonoManager ReloadAssembly
Native extension for WindowsStandalone target not found
Native extension for WebGL target not found
Refreshing native plugins compatible for Editor in 0.31 ms, found 0 plugins.
Preloading 0 native plugins for Editor in 0.00 ms.
Invoked RoslynAnalysisRunner static constructor.
RoslynAnalysisRunner will not be running.
RoslynAnalysisRunner has terminated.
Mono: successfully reloaded assembly
- Completed reload, in  0.887 seconds
Platform modules already initialized, skipping
Refreshing native plugins compatible for Editor in 0.25 ms, found 0 plugins.
Preloading 0 native plugins for Editor in 0.00 ms.
Unloading 1114 Unused Serialized files (Serialized files now loaded: 0)
System memory in use before: 61.1 MB.
System memory in use after: 61.2 MB.

Unloading 5 unused Assets to reduce memory usage. Loaded Objects now: 1651.
Total: 1.961400 ms (FindLiveObjects: 0.181000 ms CreateObjectMapping: 0.033300 ms MarkObjects: 1.597300 ms  DeleteObjects: 0.148200 ms)

========================================================================
Received Prepare
Registering precompiled user dll's ...
Registered in 0.000834 seconds.
Begin MonoManager ReloadAssembly
Native extension for WindowsStandalone target not found
Native extension for WebGL target not found
Refreshing native plugins compatible for Editor in 0.21 ms, found 0 plugins.
Preloading 0 native plugins for Editor in 0.00 ms.
Invoked RoslynAnalysisRunner static constructor.
RoslynAnalysisRunner will not be running.
RoslynAnalysisRunner has terminated.
Mono: successfully reloaded assembly
- Completed reload, in  0.853 seconds
Platform modules already initialized, skipping
Refreshing native plugins compatible for Editor in 0.25 ms, found 0 plugins.
Preloading 0 native plugins for Editor in 0.00 ms.
Unloading 1113 Unused Serialized files (Serialized files now loaded: 0)
System memory in use before: 61.1 MB.
System memory in use after: 61.2 MB.

Unloading 6 unused Assets to reduce memory usage. Loaded Objects now: 1653.
Total: 2.238700 ms (FindLiveObjects: 0.170100 ms CreateObjectMapping: 0.051400 ms MarkObjects: 1.945500 ms  DeleteObjects: 0.070200 ms)

========================================================================
Received Prepare
Registering precompiled user dll's ...
Registered in 0.000933 seconds.
Begin MonoManager ReloadAssembly
Native extension for WindowsStandalone target not found
Native extension for WebGL target not found
Refreshing native plugins compatible for Editor in 0.22 ms, found 0 plugins.
Preloading 0 native plugins for Editor in 0.00 ms.
Invoked RoslynAnalysisRunner static constructor.
RoslynAnalysisRunner will not be running.
RoslynAnalysisRunner has terminated.
Mono: successfully reloaded assembly
- Completed reload, in  0.920 seconds
Platform modules already initialized, skipping
Refreshing native plugins compatible for Editor in 0.24 ms, found 0 plugins.
Preloading 0 native plugins for Editor in 0.00 ms.
Unloading 1113 Unused Serialized files (Serialized files now loaded: 0)
System memory in use before: 61.1 MB.
System memory in use after: 61.2 MB.

Unloading 5 unused Assets to reduce memory usage. Loaded Objects now: 1656.
Total: 3.391000 ms (FindLiveObjects: 0.323900 ms CreateObjectMapping: 0.115400 ms MarkObjects: 2.857200 ms  DeleteObjects: 0.093100 ms)

========================================================================
Received Import Request.
  Time since last request: 52.688289 seconds.
  path: Assets/Scripts/ItemController.cs
  artifactKey: Guid(47d2f7c9dde3aa74889886366f9d6f9d) Importer(815301076,1909f56bfc062723c751e8b465ee728b)
Start importing Assets/Scripts/ItemController.cs using Guid(47d2f7c9dde3aa74889886366f9d6f9d) Importer(815301076,1909f56bfc062723c751e8b465ee728b)  -> (artifact id: '0eeeaadb592b0500ac55249b439c9c51') in 0.005647 seconds
  Import took 0.007879 seconds .

========================================================================
Received Prepare
Registering precompiled user dll's ...
Registered in 0.000755 seconds.
Begin MonoManager ReloadAssembly
Native extension for WindowsStandalone target not found
Native extension for WebGL target not found
Refreshing native plugins compatible for Editor in 0.21 ms, found 0 plugins.
Preloading 0 native plugins for Editor in 0.00 ms.
Invoked RoslynAnalysisRunner static constructor.
RoslynAnalysisRunner will not be running.
RoslynAnalysisRunner has terminated.
Mono: successfully reloaded assembly
- Completed reload, in  0.884 seconds
Platform modules already initialized, skipping
Refreshing native plugins compatible for Editor in 0.30 ms, found 0 plugins.
Preloading 0 native plugins for Editor in 0.00 ms.
Unloading 1114 Unused Serialized files (Serialized files now loaded: 0)
System memory in use before: 61.1 MB.
System memory in use after: 61.2 MB.

Unloading 5 unused Assets to reduce memory usage. Loaded Objects now: 1660.
Total: 2.012400 ms (FindLiveObjects: 0.219100 ms CreateObjectMapping: 0.062600 ms MarkObjects: 1.649700 ms  DeleteObjects: 0.078300 ms)

========================================================================
Received Prepare
Registering precompiled user dll's ...
Registered in 0.000871 seconds.
Begin MonoManager ReloadAssembly
Native extension for WindowsStandalone target not found
Native extension for WebGL target not found
Refreshing native plugins compatible for Editor in 0.22 ms, found 0 plugins.
Preloading 0 native plugins for Editor in 0.00 ms.
Invoked RoslynAnalysisRunner static constructor.
RoslynAnalysisRunner will not be running.
RoslynAnalysisRunner has terminated.
Mono: successfully reloaded assembly
- Completed reload, in  0.940 seconds
Platform modules already initialized, skipping
Refreshing native plugins compatible for Editor in 0.23 ms, found 0 plugins.
Preloading 0 native plugins for Editor in 0.00 ms.
Unloading 1113 Unused Serialized files (Serialized files now loaded: 0)
System memory in use before: 61.1 MB.
System memory in use after: 61.2 MB.

Unloading 6 unused Assets to reduce memory usage. Loaded Objects now: 1662.
Total: 4.961900 ms (FindLiveObjects: 2.539900 ms CreateObjectMapping: 0.633100 ms MarkObjects: 1.709900 ms  DeleteObjects: 0.073900 ms)

========================================================================
Received Prepare
Registering precompiled user dll's ...
Registered in 0.000807 seconds.
Begin MonoManager ReloadAssembly
Native extension for WindowsStandalone target not found
Native extension for WebGL target not found
Refreshing native plugins compatible for Editor in 0.47 ms, found 0 plugins.
Preloading 0 native plugins for Editor in 0.00 ms.
Invoked RoslynAnalysisRunner static constructor.
RoslynAnalysisRunner will not be running.
RoslynAnalysisRunner has terminated.
Mono: successfully reloaded assembly
- Completed reload, in  0.949 seconds
Platform modules already initialized, skipping
Refreshing native plugins compatible for Editor in 0.31 ms, found 0 plugins.
Preloading 0 native plugins for Editor in 0.00 ms.
Unloading 1113 Unused Serialized files (Serialized files now loaded: 0)
System memory in use before: 61.1 MB.
System memory in use after: 61.2 MB.

Unloading 5 unused Assets to reduce memory usage. Loaded Objects now: 1665.
Total: 2.813600 ms (FindLiveObjects: 0.244100 ms CreateObjectMapping: 0.139000 ms MarkObjects: 2.251300 ms  DeleteObjects: 0.177400 ms)

========================================================================
Received Import Request.
  Time since last request: 129.469101 seconds.
  path: Assets/Scripts/EnemyController.cs
  artifactKey: Guid(eea844c208deb2d4aad50bb4d11e4398) Importer(815301076,1909f56bfc062723c751e8b465ee728b)
Start importing Assets/Scripts/EnemyController.cs using Guid(eea844c208deb2d4aad50bb4d11e4398) Importer(815301076,1909f56bfc062723c751e8b465ee728b)  -> (artifact id: '3e473143879a7ea757627b7f9b0d9b89') in 0.006828 seconds
  Import took 0.010197 seconds .

========================================================================
Received Prepare
Registering precompiled user dll's ...
Registered in 0.000852 seconds.
Begin MonoManager ReloadAssembly
Native extension for WindowsStandalone target not found
Native extension for WebGL target not found
Refreshing native plugins compatible for Editor in 0.21 ms, found 0 plugins.
Preloading 0 native plugins for Editor in 0.00 ms.
Invoked RoslynAnalysisRunner static constructor.
RoslynAnalysisRunner will not be running.
RoslynAnalysisRunner has terminated.
Mono: successfully reloaded assembly
- Completed reload, in  0.870 seconds
Platform modules already initialized, skipping
Refreshing native plugins compatible for Editor in 0.29 ms, found 0 plugins.
Preloading 0 native plugins for Editor in 0.00 ms.
Unloading 1113 Unused Serialized files (Serialized files now loaded: 0)
System memory in use before: 61.1 MB.
System memory in use after: 61.2 MB.

Unloading 5 unused Assets to reduce memory usage. Loaded Objects now: 1668.
Total: 2.206500 ms (FindLiveObjects: 0.181700 ms CreateObjectMapping: 0.048500 ms MarkObjects: 1.878200 ms  DeleteObjects: 0.097100 ms)

========================================================================
Received Import Request.
  Time since last request: 38.934413 seconds.
  path: Assets/Scripts/NpcController.cs
  artifactKey: Guid(b54a25c6d9d384d4a915fd38f81d17c3) Importer(815301076,1909f56bfc062723c751e8b465ee728b)
Start importing Assets/Scripts/NpcController.cs using Guid(b54a25c6d9d384d4a915fd38f81d17c3) Importer(815301076,1909f56bfc062723c751e8b465ee728b)  -> (artifact id: '2670d2e9e16fb6956d2eac81ce531601') in 0.007993 seconds
  Import took 0.011368 seconds .

========================================================================
Received Prepare
Registering precompiled user dll's ...
Registered in 0.001373 seconds.
Begin MonoManager ReloadAssembly
Native extension for WindowsStandalone target not found
Native extension for WebGL target not found
Refreshing native plugins compatible for Editor in 0.27 ms, found 0 plugins.
Preloading 0 native plugins for Editor in 0.00 ms.
Invoked RoslynAnalysisRunner static constructor.
RoslynAnalysisRunner will not be running.
RoslynAnalysisRunner has terminated.
Mono: successfully reloaded assembly
- Completed reload, in  0.976 seconds
Platform modules already initialized, skipping
Refreshing native plugins compatible for Editor in 0.22 ms, found 0 plugins.
Preloading 0 native plugins for Editor in 0.00 ms.
Unloading 1113 Unused Serialized files (Serialized files now loaded: 0)
System memory in use before: 61.1 MB.
System memory in use after: 61.2 MB.

Unloading 5 unused Assets to reduce memory usage. Loaded Objects now: 1671.
Total: 2.296000 ms (FindLiveObjects: 0.352800 ms CreateObjectMapping: 0.081600 ms MarkObjects: 1.675000 ms  DeleteObjects: 0.185000 ms)

========================================================================
Received Import Request.
  Time since last request: 401.086346 seconds.
  path: Assets/Materials/OtherColor.mat
  artifactKey: Guid(dd123c05d6342e242b02d98cd9dde3e5) Importer(815301076,1909f56bfc062723c751e8b465ee728b)
Start importing Assets/Materials/OtherColor.mat using Guid(dd123c05d6342e242b02d98cd9dde3e5) Importer(815301076,1909f56bfc062723c751e8b465ee728b)  -> (artifact id: '80045dba0b3e07f240eee0bd56daea13') in 0.087738 seconds
  Import took 0.090587 seconds .

========================================================================
Received Prepare
Registering precompiled user dll's ...
Registered in 0.000838 seconds.
Begin MonoManager ReloadAssembly
Native extension for WindowsStandalone target not found
Native extension for WebGL target not found
Refreshing native plugins compatible for Editor in 0.25 ms, found 0 plugins.
Preloading 0 native plugins for Editor in 0.00 ms.
Invoked RoslynAnalysisRunner static constructor.
RoslynAnalysisRunner will not be running.
RoslynAnalysisRunner has terminated.
Mono: successfully reloaded assembly
- Completed reload, in  0.947 seconds
Platform modules already initialized, skipping
Refreshing native plugins compatible for Editor in 0.24 ms, found 0 plugins.
Preloading 0 native plugins for Editor in 0.00 ms.
Unloading 1113 Unused Serialized files (Serialized files now loaded: 0)
System memory in use before: 61.2 MB.
System memory in use after: 61.2 MB.

Unloading 5 unused Assets to reduce memory usage. Loaded Objects now: 1675.
Total: 2.033100 ms (FindLiveObjects: 0.180900 ms CreateObjectMapping: 0.050200 ms MarkObjects: 1.720300 ms  DeleteObjects: 0.080500 ms)

========================================================================
Received Prepare
Registering precompiled user dll's ...
Registered in 0.000962 seconds.
Begin MonoManager ReloadAssembly
Native extension for WindowsStandalone target not found
Native extension for WebGL target not found
Refreshing native plugins compatible for Editor in 0.21 ms, found 0 plugins.
Preloading 0 native plugins for Editor in 0.00 ms.
Invoked RoslynAnalysisRunner static constructor.
RoslynAnalysisRunner will not be running.
RoslynAnalysisRunner has terminated.
Mono: successfully reloaded assembly
- Completed reload, in  0.865 seconds
Platform modules already initialized, skipping
Refreshing native plugins compatible for Editor in 0.25 ms, found 0 plugins.
Preloading 0 native plugins for Editor in 0.00 ms.
Unloading 1113 Unused Serialized files (Serialized files now loaded: 0)
System memory in use before: 61.2 MB.
System memory in use after: 61.3 MB.

Unloading 5 unused Assets to reduce memory usage. Loaded Objects now: 1678.
Total: 1.974300 ms (FindLiveObjects: 0.193200 ms CreateObjectMapping: 0.041000 ms MarkObjects: 1.634400 ms  DeleteObjects: 0.104400 ms)

========================================================================
Received Import Request.
  Time since last request: 313.511078 seconds.
  path: Assets/Materials/Player.mat
  artifactKey: Guid(cdf0b54e5d050e5499578ae499cbb08e) Importer(815301076,1909f56bfc062723c751e8b465ee728b)
Start importing Assets/Materials/Player.mat using Guid(cdf0b54e5d050e5499578ae499cbb08e) Importer(815301076,1909f56bfc062723c751e8b465ee728b)  -> (artifact id: '115a07292c95ffefef01d0ba91038c81') in 0.081591 seconds
  Import took 0.083913 seconds .

========================================================================
Received Import Request.
  Time since last request: 0.000419 seconds.
  path: Assets/Materials/OtherColor.mat
  artifactKey: Guid(dd123c05d6342e242b02d98cd9dde3e5) Importer(815301076,1909f56bfc062723c751e8b465ee728b)
Start importing Assets/Materials/OtherColor.mat using Guid(dd123c05d6342e242b02d98cd9dde3e5) Importer(815301076,1909f56bfc062723c751e8b465ee728b)  -> (artifact id: '65c81114d626656ab078f64bc4a09656') in 0.024010 seconds
  Import took 0.026823 seconds .

========================================================================
Received Import Request.
  Time since last request: 0.000622 seconds.
  path: Assets/Materials/Item.mat
  artifactKey: Guid(c8c270bbb8d4bef4eb08df410c71f147) Importer(815301076,1909f56bfc062723c751e8b465ee728b)
Start importing Assets/Materials/Item.mat using Guid(c8c270bbb8d4bef4eb08df410c71f147) Importer(815301076,1909f56bfc062723c751e8b465ee728b)  -> (artifact id: '6858a0770ef8c5b0662cfe0db7cc8e49') in 0.036103 seconds
  Import took 0.040976 seconds .

========================================================================
Received Import Request.
  Time since last request: 0.000374 seconds.
  path: Assets/Materials/Enemy.mat
  artifactKey: Guid(97e8461ad6cfe6942b644db97d3cd40d) Importer(815301076,1909f56bfc062723c751e8b465ee728b)
Start importing Assets/Materials/Enemy.mat using Guid(97e8461ad6cfe6942b644db97d3cd40d) Importer(815301076,1909f56bfc062723c751e8b465ee728b)  -> (artifact id: '5e216a607247874b271910c3e2b47a0e') in 0.028103 seconds
  Import took 0.031110 seconds .

========================================================================
Received Import Request.
  Time since last request: 0.000283 seconds.
  path: Assets/Materials/Npc.mat
  artifactKey: Guid(0f5002fb7dd50eb479ab5045214c6dc9) Importer(815301076,1909f56bfc062723c751e8b465ee728b)
Start importing Assets/Materials/Npc.mat using Guid(0f5002fb7dd50eb479ab5045214c6dc9) Importer(815301076,1909f56bfc062723c751e8b465ee728b)  -> (artifact id: '87bc3b20ffd3b3d193b468a997b228f1') in 0.033008 seconds
  Import took 0.035585 seconds .

========================================================================
Received Import Request.
  Time since last request: 0.000206 seconds.
  path: Assets/Materials/Enemy.mat
  artifactKey: Guid(97e8461ad6cfe6942b644db97d3cd40d) Importer(815301076,1909f56bfc062723c751e8b465ee728b)
Start importing Assets/Materials/Enemy.mat using Guid(97e8461ad6cfe6942b644db97d3cd40d) Importer(815301076,1909f56bfc062723c751e8b465ee728b)  -> (artifact id: '5e216a607247874b271910c3e2b47a0e') in 0.028726 seconds
  Import took 0.031034 seconds .

========================================================================
Received Import Request.
  Time since last request: 0.000173 seconds.
  path: Assets/Materials/Ground.mat
  artifactKey: Guid(19aa7b16af610bb42988bf79a70a448f) Importer(815301076,1909f56bfc062723c751e8b465ee728b)
Start importing Assets/Materials/Ground.mat using Guid(19aa7b16af610bb42988bf79a70a448f) Importer(815301076,1909f56bfc062723c751e8b465ee728b)  -> (artifact id: 'fb0007173661fb559d8d19eaef8cea08') in 0.026599 seconds
  Import took 0.029264 seconds .

AssetImportWorkerClient::OnTransportError - code=2 error=End of file
